2017-03-13.10:58:25 :: LOG - Started
2017-03-13.10:58:25 :: Max Scene File: C:\Users\radua\Desktop\Stay in place GIT\StayInPlace\Demos\Links.max
2017-03-13.10:58:25 ::     copying file: 'C:\Users\radua\AppData\Local\Autodesk\3dsMax\2016 - 64bit\ENU\scripts\BlippTools\assets\internal.image.white' to 'C:\Users\radua\Desktop\Stay in place GIT\StayInPlace\B3Ms\demos\links\assets\internal.image.white'
2017-03-13.10:58:25 ::     copying file: 'C:\Users\radua\AppData\Local\Autodesk\3dsMax\2016 - 64bit\ENU\scripts\BlippTools\assets\white.png' to 'C:\Users\radua\Desktop\Stay in place GIT\StayInPlace\B3Ms\demos\links\assets\white.png'
2017-03-13.10:58:25 :: ERROR: No template found [0]. Skipping Blipp Template
2017-03-13.10:58:25 ::     Exporter Version: 2.29
                   ::: Export Options :::
                    :: Asset Paths ::
               Asset Path   : assets/
               Source Path  : javascript/
                    :: Blipp File Formats ::
             Blipp Language : javascript
              Script Format : 1
               Mesh Version : 1
             Mesh Precision : VERTEX16N
             Engine Version : 24
              Template Type : 0
              Export Meshes : true
               Export Scene : true
            Export Template : true
            Force Overwrite : true
                    :: Geometry  ::
        Preserve Hard Edges : true
         Preserve Instances : true
                  Export UV : true
                    :: Materials ::
           Export Materials : true
            Export Textures : true
       Use Dynamic Lighting : true
    Copy Textures To Assets : true
Split MultiMats Into Separate Meshes : false
                    :: Lighting  ::
              Export Lights : true
                    :: Animation ::
                  Scene FPS : 30
              Playback Loop : 1
                Sample Step : 1
             Animation Type : 0
                  Autostart : true
   Export Vertex Animations : true
     Export Path Animations : true
      Embed Node Animations : false
       Use TPath Animations : false
          Prefix Animations : false
             Bake Animation : true
                 Bake Start : 0
                   Bake End : 100
                    :: Advanced  ::
                    Up Axis : Z-Up
               Scale Factor : 1
       Debug Node Positions : false
       Open Export In Editor: false
                File To Open: 0
2017-03-13.10:58:25 :: SCENE - Verifying can export
2017-03-13.10:58:25 :: FILE - creating: "C:/Users/radua/Desktop/Stay in place GIT/StayInPlace/B3Ms/demos/links/javascript/main.js"
2017-03-13.10:58:25 :: SCENE - pre-serialize
2017-03-13.10:58:25 :: SCENE - serialize
2017-03-13.10:58:25 ::     exporting scene root
2017-03-13.10:58:25 :: MODEL - export 'Link'
2017-03-13.10:58:25 :: MESH - export instance: Link_b3m
2017-03-13.10:58:25 :: FILE - creating: "C:/Users/radua/Desktop/Stay in place GIT/StayInPlace/B3Ms/demos/links/assets/Link.b3m"
2017-03-13.10:58:25 ::     using mesh instance: Link.b3m
2017-03-13.10:58:25 ::     material wirecolor
2017-03-13.10:58:25 :: SCENE - post-serialize
2017-03-13.10:58:25 ::     serializing render bin: 50
2017-03-13.10:58:25 ::     serializing render bin: 2000
2017-03-13.10:58:25 :: WARN: no marker defined in scene
2017-03-13.10:58:25 :: FILE - closed
2017-03-13.10:58:25 :: PACKAGE: "Package JSON"
2017-03-13.10:58:25 :: FILE - creating: "C:/Users/radua/Desktop/Stay in place GIT/StayInPlace/B3Ms/demos/links/javascript/package.json"
2017-03-13.10:58:25 :: FILE - closed
2017-03-13.10:58:25 :: SUMMARY
# Meshes Exported              : 1 / 1
# Materials Exported           : 0 / 0
# Textures Copied              : 0 / 0
# Skeletons Exported           : 0 / 0
# Lights Exported              : 0 / 0
# Path Animations Exported     : 0 / 0
# Vertex Animations Exported   : 0 / 0
# Skeletal Animations Exported : 0 / 0
# Blipp Basic Nodes Exported   : 0 / 0
2017-03-13.10:58:26 :: LOG - Closed
